  LISTA.cpp
C:\Users\Jarvis\Downloads\LISTA\LISTA.cpp(111,16): error C2679: '<<' binario: no se encontró un operador que adopte un operando en la parte derecha de tipo 'std::list<std::string,std::allocator<std::string>>' (o bien no existe una conversión aceptable)
C:\Program Files\Microsoft Visual Studio\2022\Community\VC\Tools\MSVC\14.34.31933\include\ostream(475,39): message : puede ser 'std::basic_ostream<char,std::char_traits<char>> &std::basic_ostream<char,std::char_traits<char>>::operator <<(std::basic_streambuf<char,std::char_traits<char>> *)'
C:\Program Files\Microsoft Visual Studio\2022\Community\VC\Tools\MSVC\14.34.31933\include\ostream(443,39): message : o       'std::basic_ostream<char,std::char_traits<char>> &std::basic_ostream<char,std::char_traits<char>>::operator <<(const void *)'
C:\Program Files\Microsoft Visual Studio\2022\Community\VC\Tools\MSVC\14.34.31933\include\ostream(425,39): message : o       'std::basic_ostream<char,std::char_traits<char>> &std::basic_ostream<char,std::char_traits<char>>::operator <<(long double)'
C:\Program Files\Microsoft Visual Studio\2022\Community\VC\Tools\MSVC\14.34.31933\include\ostream(407,39): message : o       'std::basic_ostream<char,std::char_traits<char>> &std::basic_ostream<char,std::char_traits<char>>::operator <<(double)'
C:\Program Files\Microsoft Visual Studio\2022\Community\VC\Tools\MSVC\14.34.31933\include\ostream(389,39): message : o       'std::basic_ostream<char,std::char_traits<char>> &std::basic_ostream<char,std::char_traits<char>>::operator <<(float)'
C:\Program Files\Microsoft Visual Studio\2022\Community\VC\Tools\MSVC\14.34.31933\include\ostream(371,39): message : o       'std::basic_ostream<char,std::char_traits<char>> &std::basic_ostream<char,std::char_traits<char>>::operator <<(unsigned __int64)'
C:\Program Files\Microsoft Visual Studio\2022\Community\VC\Tools\MSVC\14.34.31933\include\ostream(353,39): message : o       'std::basic_ostream<char,std::char_traits<char>> &std::basic_ostream<char,std::char_traits<char>>::operator <<(__int64)'
C:\Program Files\Microsoft Visual Studio\2022\Community\VC\Tools\MSVC\14.34.31933\include\ostream(335,39): message : o       'std::basic_ostream<char,std::char_traits<char>> &std::basic_ostream<char,std::char_traits<char>>::operator <<(unsigned long)'
C:\Program Files\Microsoft Visual Studio\2022\Community\VC\Tools\MSVC\14.34.31933\include\ostream(317,39): message : o       'std::basic_ostream<char,std::char_traits<char>> &std::basic_ostream<char,std::char_traits<char>>::operator <<(long)'
C:\Program Files\Microsoft Visual Studio\2022\Community\VC\Tools\MSVC\14.34.31933\include\ostream(298,39): message : o       'std::basic_ostream<char,std::char_traits<char>> &std::basic_ostream<char,std::char_traits<char>>::operator <<(unsigned int)'
C:\Program Files\Microsoft Visual Studio\2022\Community\VC\Tools\MSVC\14.34.31933\include\ostream(272,39): message : o       'std::basic_ostream<char,std::char_traits<char>> &std::basic_ostream<char,std::char_traits<char>>::operator <<(int)'
C:\Program Files\Microsoft Visual Studio\2022\Community\VC\Tools\MSVC\14.34.31933\include\ostream(253,39): message : o       'std::basic_ostream<char,std::char_traits<char>> &std::basic_ostream<char,std::char_traits<char>>::operator <<(unsigned short)'
C:\Program Files\Microsoft Visual Studio\2022\Community\VC\Tools\MSVC\14.34.31933\include\ostream(219,39): message : o       'std::basic_ostream<char,std::char_traits<char>> &std::basic_ostream<char,std::char_traits<char>>::operator <<(short)'
C:\Program Files\Microsoft Visual Studio\2022\Community\VC\Tools\MSVC\14.34.31933\include\ostream(201,39): message : o       'std::basic_ostream<char,std::char_traits<char>> &std::basic_ostream<char,std::char_traits<char>>::operator <<(bool)'
C:\Program Files\Microsoft Visual Studio\2022\Community\VC\Tools\MSVC\14.34.31933\include\ostream(195,39): message : o       'std::basic_ostream<char,std::char_traits<char>> &std::basic_ostream<char,std::char_traits<char>>::operator <<(std::ios_base &(__cdecl *)(std::ios_base &))'
C:\Program Files\Microsoft Visual Studio\2022\Community\VC\Tools\MSVC\14.34.31933\include\ostream(189,39): message : o       'std::basic_ostream<char,std::char_traits<char>> &std::basic_ostream<char,std::char_traits<char>>::operator <<(std::basic_ios<char,std::char_traits<char>> &(__cdecl *)(std::basic_ios<char,std::char_traits<char>> &))'
C:\Program Files\Microsoft Visual Studio\2022\Community\VC\Tools\MSVC\14.34.31933\include\ostream(184,39): message : o       'std::basic_ostream<char,std::char_traits<char>> &std::basic_ostream<char,std::char_traits<char>>::operator <<(std::basic_ostream<char,std::char_traits<char>> &(__cdecl *)(std::basic_ostream<char,std::char_traits<char>> &))'
C:\Program Files\Microsoft Visual Studio\2022\Community\VC\Tools\MSVC\14.34.31933\include\xstring(5360,32): message : o       'std::basic_ostream<_Elem,_Traits> &std::operator <<(std::basic_ostream<_Elem,_Traits> &,const std::basic_string<_Elem,_Traits,_Alloc> &)'
C:\Users\Jarvis\Downloads\LISTA\LISTA.cpp(111,16): message : "std::basic_ostream<_Elem,_Traits> &std::operator <<(std::basic_ostream<_Elem,_Traits> &,const std::basic_string<_Elem,_Traits,_Alloc> &)": no se pudo deducir el argumento plantilla para "const std::basic_string<_Elem,_Traits,_Alloc> &" de "std::list<std::string,std::allocator<std::string>>"
C:\Program Files\Microsoft Visual Studio\2022\Community\VC\Tools\MSVC\14.34.31933\include\memory(1915,32): message : o       'std::basic_ostream<_Elem,_Traits> &std::operator <<(std::basic_ostream<_Elem,_Traits> &,const std::shared_ptr<_Ty> &)'
C:\Users\Jarvis\Downloads\LISTA\LISTA.cpp(111,16): message : "std::basic_ostream<_Elem,_Traits> &std::operator <<(std::basic_ostream<_Elem,_Traits> &,const std::shared_ptr<_Ty> &)": no se pudo deducir el argumento plantilla para "const std::shared_ptr<_Ty> &" de "std::list<std::string,std::allocator<std::string>>"
C:\Program Files\Microsoft Visual Studio\2022\Community\VC\Tools\MSVC\14.34.31933\include\memory(3599,32): message : o       'std::basic_ostream<_Elem,_Traits> &std::operator <<(std::basic_ostream<_Elem,_Traits> &,const std::unique_ptr<_Ty2,_Dx2> &)'
C:\Users\Jarvis\Downloads\LISTA\LISTA.cpp(111,16): message : "std::basic_ostream<_Elem,_Traits> &std::operator <<(std::basic_ostream<_Elem,_Traits> &,const std::unique_ptr<_Ty2,_Dx2> &)": no se pudo deducir el argumento plantilla para "const std::unique_ptr<_Ty2,_Dx2> &" de "std::list<std::string,std::allocator<std::string>>"
C:\Program Files\Microsoft Visual Studio\2022\Community\VC\Tools\MSVC\14.34.31933\include\ostream(681,32): message : o       'std::basic_ostream<_Elem,_Traits> &std::operator <<(std::basic_ostream<_Elem,_Traits> &,const char *)'
C:\Users\Jarvis\Downloads\LISTA\LISTA.cpp(111,33): message : 'inicializando': no se puede realizar la conversión de 'std::list<std::string,std::allocator<std::string>>' a 'const char *'
C:\Users\Jarvis\Downloads\LISTA\LISTA.cpp(111,33): message : No hay disponible ningún operador de conversión definido por el usuario que pueda realizar esta conversión, o bien no se puede llamar al operador
C:\Program Files\Microsoft Visual Studio\2022\Community\VC\Tools\MSVC\14.34.31933\include\ostream(725,32): message : o       'std::basic_ostream<_Elem,_Traits> &std::operator <<(std::basic_ostream<_Elem,_Traits> &,char)'
C:\Users\Jarvis\Downloads\LISTA\LISTA.cpp(111,33): message : 'inicializando': no se puede realizar la conversión de 'std::list<std::string,std::allocator<std::string>>' a 'char'
C:\Users\Jarvis\Downloads\LISTA\LISTA.cpp(111,33): message : No hay disponible ningún operador de conversión definido por el usuario que pueda realizar esta conversión, o bien no se puede llamar al operador
C:\Program Files\Microsoft Visual Studio\2022\Community\VC\Tools\MSVC\14.34.31933\include\ostream(761,31): message : o       'std::basic_ostream<char,_Traits> &std::operator <<(std::basic_ostream<char,_Traits> &,const char *)'
C:\Users\Jarvis\Downloads\LISTA\LISTA.cpp(111,33): message : 'inicializando': no se puede realizar la conversión de 'std::list<std::string,std::allocator<std::string>>' a 'const char *'
C:\Users\Jarvis\Downloads\LISTA\LISTA.cpp(111,33): message : No hay disponible ningún operador de conversión definido por el usuario que pueda realizar esta conversión, o bien no se puede llamar al operador
C:\Program Files\Microsoft Visual Studio\2022\Community\VC\Tools\MSVC\14.34.31933\include\ostream(806,31): message : o       'std::basic_ostream<char,_Traits> &std::operator <<(std::basic_ostream<char,_Traits> &,char)'
C:\Users\Jarvis\Downloads\LISTA\LISTA.cpp(111,33): message : 'inicializando': no se puede realizar la conversión de 'std::list<std::string,std::allocator<std::string>>' a 'char'
C:\Users\Jarvis\Downloads\LISTA\LISTA.cpp(111,33): message : No hay disponible ningún operador de conversión definido por el usuario que pueda realizar esta conversión, o bien no se puede llamar al operador
C:\Program Files\Microsoft Visual Studio\2022\Community\VC\Tools\MSVC\14.34.31933\include\ostream(844,32): message : o       'std::basic_ostream<_Elem,_Traits> &std::operator <<(std::basic_ostream<_Elem,_Traits> &,const _Elem *)'
C:\Users\Jarvis\Downloads\LISTA\LISTA.cpp(111,16): message : "std::basic_ostream<_Elem,_Traits> &std::operator <<(std::basic_ostream<_Elem,_Traits> &,const _Elem *)": no se pudo deducir el argumento plantilla para "const _Elem *" de "std::list<std::string,std::allocator<std::string>>"
C:\Program Files\Microsoft Visual Studio\2022\Community\VC\Tools\MSVC\14.34.31933\include\ostream(887,32): message : o       'std::basic_ostream<_Elem,_Traits> &std::operator <<(std::basic_ostream<_Elem,_Traits> &,_Elem)'
C:\Users\Jarvis\Downloads\LISTA\LISTA.cpp(111,16): message : "std::basic_ostream<_Elem,_Traits> &std::operator <<(std::basic_ostream<_Elem,_Traits> &,_Elem)": el parámetro de plantilla "_Elem" es ambiguo
C:\Users\Jarvis\Downloads\LISTA\LISTA.cpp(111,16): message : puede ser 'std::list<std::string,std::allocator<std::string>>'
C:\Users\Jarvis\Downloads\LISTA\LISTA.cpp(111,16): message : o       'char'
C:\Users\Jarvis\Downloads\LISTA\LISTA.cpp(111,16): message : "std::basic_ostream<_Elem,_Traits> &std::operator <<(std::basic_ostream<_Elem,_Traits> &,_Elem)": no se pudo deducir el argumento plantilla para "_Elem" de "std::list<std::string,std::allocator<std::string>>"
C:\Program Files\Microsoft Visual Studio\2022\Community\VC\Tools\MSVC\14.34.31933\include\ostream(923,31): message : o       'std::basic_ostream<char,_Traits> &std::operator <<(std::basic_ostream<char,_Traits> &,const signed char *)'
C:\Users\Jarvis\Downloads\LISTA\LISTA.cpp(111,33): message : 'inicializando': no se puede realizar la conversión de 'std::list<std::string,std::allocator<std::string>>' a 'const signed char *'
C:\Users\Jarvis\Downloads\LISTA\LISTA.cpp(111,33): message : No hay disponible ningún operador de conversión definido por el usuario que pueda realizar esta conversión, o bien no se puede llamar al operador
C:\Program Files\Microsoft Visual Studio\2022\Community\VC\Tools\MSVC\14.34.31933\include\ostream(929,31): message : o       'std::basic_ostream<char,_Traits> &std::operator <<(std::basic_ostream<char,_Traits> &,signed char)'
C:\Users\Jarvis\Downloads\LISTA\LISTA.cpp(111,33): message : 'inicializando': no se puede realizar la conversión de 'std::list<std::string,std::allocator<std::string>>' a 'signed char'
C:\Users\Jarvis\Downloads\LISTA\LISTA.cpp(111,33): message : No hay disponible ningún operador de conversión definido por el usuario que pueda realizar esta conversión, o bien no se puede llamar al operador
C:\Program Files\Microsoft Visual Studio\2022\Community\VC\Tools\MSVC\14.34.31933\include\ostream(934,31): message : o       'std::basic_ostream<char,_Traits> &std::operator <<(std::basic_ostream<char,_Traits> &,const unsigned char *)'
C:\Users\Jarvis\Downloads\LISTA\LISTA.cpp(111,33): message : 'inicializando': no se puede realizar la conversión de 'std::list<std::string,std::allocator<std::string>>' a 'const unsigned char *'
C:\Users\Jarvis\Downloads\LISTA\LISTA.cpp(111,33): message : No hay disponible ningún operador de conversión definido por el usuario que pueda realizar esta conversión, o bien no se puede llamar al operador
C:\Program Files\Microsoft Visual Studio\2022\Community\VC\Tools\MSVC\14.34.31933\include\ostream(940,31): message : o       'std::basic_ostream<char,_Traits> &std::operator <<(std::basic_ostream<char,_Traits> &,unsigned char)'
C:\Users\Jarvis\Downloads\LISTA\LISTA.cpp(111,33): message : 'inicializando': no se puede realizar la conversión de 'std::list<std::string,std::allocator<std::string>>' a 'unsigned char'
C:\Users\Jarvis\Downloads\LISTA\LISTA.cpp(111,33): message : No hay disponible ningún operador de conversión definido por el usuario que pueda realizar esta conversión, o bien no se puede llamar al operador
C:\Program Files\Microsoft Visual Studio\2022\Community\VC\Tools\MSVC\14.34.31933\include\ostream(998,9): message : o       '_Ostr &&std::operator <<(_Ostr &&,const _Ty &)'
C:\Users\Jarvis\Downloads\LISTA\LISTA.cpp(111,13): message : "_Ostr &&std::operator <<(_Ostr &&,const _Ty &)": no se pudo deducir el argumento plantilla para "__formal"
C:\Program Files\Microsoft Visual Studio\2022\Community\VC\Tools\MSVC\14.34.31933\include\ostream(1075,32): message : o       'std::basic_ostream<_Elem,_Traits> &std::operator <<(std::basic_ostream<_Elem,_Traits> &,const std::error_code &)'
C:\Users\Jarvis\Downloads\LISTA\LISTA.cpp(111,33): message : 'inicializando': no se puede realizar la conversión de 'std::list<std::string,std::allocator<std::string>>' a 'const std::error_code &'
C:\Users\Jarvis\Downloads\LISTA\LISTA.cpp(111,33): message : Razón: no se puede realizar la conversión de 'std::list<std::string,std::allocator<std::string>>' a 'const std::error_code'
C:\Users\Jarvis\Downloads\LISTA\LISTA.cpp(111,33): message : No hay disponible ningún operador de conversión definido por el usuario que pueda realizar esta conversión, o bien no se puede llamar al operador
C:\Users\Jarvis\Downloads\LISTA\LISTA.cpp(111,16): message : al hacer coincidir la lista de argumentos '(std::basic_ostream<char,std::char_traits<char>>, std::list<std::string,std::allocator<std::string>>)'
C:\Users\Jarvis\Downloads\LISTA\LISTA.cpp(112,16): error C2679: '<<' binario: no se encontró un operador que adopte un operando en la parte derecha de tipo 'std::list<int,std::allocator<int>>' (o bien no existe una conversión aceptable)
C:\Program Files\Microsoft Visual Studio\2022\Community\VC\Tools\MSVC\14.34.31933\include\ostream(475,39): message : puede ser 'std::basic_ostream<char,std::char_traits<char>> &std::basic_ostream<char,std::char_traits<char>>::operator <<(std::basic_streambuf<char,std::char_traits<char>> *)'
C:\Program Files\Microsoft Visual Studio\2022\Community\VC\Tools\MSVC\14.34.31933\include\ostream(443,39): message : o       'std::basic_ostream<char,std::char_traits<char>> &std::basic_ostream<char,std::char_traits<char>>::operator <<(const void *)'
C:\Program Files\Microsoft Visual Studio\2022\Community\VC\Tools\MSVC\14.34.31933\include\ostream(425,39): message : o       'std::basic_ostream<char,std::char_traits<char>> &std::basic_ostream<char,std::char_traits<char>>::operator <<(long double)'
C:\Program Files\Microsoft Visual Studio\2022\Community\VC\Tools\MSVC\14.34.31933\include\ostream(407,39): message : o       'std::basic_ostream<char,std::char_traits<char>> &std::basic_ostream<char,std::char_traits<char>>::operator <<(double)'
C:\Program Files\Microsoft Visual Studio\2022\Community\VC\Tools\MSVC\14.34.31933\include\ostream(389,39): message : o       'std::basic_ostream<char,std::char_traits<char>> &std::basic_ostream<char,std::char_traits<char>>::operator <<(float)'
C:\Program Files\Microsoft Visual Studio\2022\Community\VC\Tools\MSVC\14.34.31933\include\ostream(371,39): message : o       'std::basic_ostream<char,std::char_traits<char>> &std::basic_ostream<char,std::char_traits<char>>::operator <<(unsigned __int64)'
C:\Program Files\Microsoft Visual Studio\2022\Community\VC\Tools\MSVC\14.34.31933\include\ostream(353,39): message : o       'std::basic_ostream<char,std::char_traits<char>> &std::basic_ostream<char,std::char_traits<char>>::operator <<(__int64)'
C:\Program Files\Microsoft Visual Studio\2022\Community\VC\Tools\MSVC\14.34.31933\include\ostream(335,39): message : o       'std::basic_ostream<char,std::char_traits<char>> &std::basic_ostream<char,std::char_traits<char>>::operator <<(unsigned long)'
C:\Program Files\Microsoft Visual Studio\2022\Community\VC\Tools\MSVC\14.34.31933\include\ostream(317,39): message : o       'std::basic_ostream<char,std::char_traits<char>> &std::basic_ostream<char,std::char_traits<char>>::operator <<(long)'
C:\Program Files\Microsoft Visual Studio\2022\Community\VC\Tools\MSVC\14.34.31933\include\ostream(298,39): message : o       'std::basic_ostream<char,std::char_traits<char>> &std::basic_ostream<char,std::char_traits<char>>::operator <<(unsigned int)'
C:\Program Files\Microsoft Visual Studio\2022\Community\VC\Tools\MSVC\14.34.31933\include\ostream(272,39): message : o       'std::basic_ostream<char,std::char_traits<char>> &std::basic_ostream<char,std::char_traits<char>>::operator <<(int)'
C:\Program Files\Microsoft Visual Studio\2022\Community\VC\Tools\MSVC\14.34.31933\include\ostream(253,39): message : o       'std::basic_ostream<char,std::char_traits<char>> &std::basic_ostream<char,std::char_traits<char>>::operator <<(unsigned short)'
C:\Program Files\Microsoft Visual Studio\2022\Community\VC\Tools\MSVC\14.34.31933\include\ostream(219,39): message : o       'std::basic_ostream<char,std::char_traits<char>> &std::basic_ostream<char,std::char_traits<char>>::operator <<(short)'
C:\Program Files\Microsoft Visual Studio\2022\Community\VC\Tools\MSVC\14.34.31933\include\ostream(201,39): message : o       'std::basic_ostream<char,std::char_traits<char>> &std::basic_ostream<char,std::char_traits<char>>::operator <<(bool)'
C:\Program Files\Microsoft Visual Studio\2022\Community\VC\Tools\MSVC\14.34.31933\include\ostream(195,39): message : o       'std::basic_ostream<char,std::char_traits<char>> &std::basic_ostream<char,std::char_traits<char>>::operator <<(std::ios_base &(__cdecl *)(std::ios_base &))'
C:\Program Files\Microsoft Visual Studio\2022\Community\VC\Tools\MSVC\14.34.31933\include\ostream(189,39): message : o       'std::basic_ostream<char,std::char_traits<char>> &std::basic_ostream<char,std::char_traits<char>>::operator <<(std::basic_ios<char,std::char_traits<char>> &(__cdecl *)(std::basic_ios<char,std::char_traits<char>> &))'
C:\Program Files\Microsoft Visual Studio\2022\Community\VC\Tools\MSVC\14.34.31933\include\ostream(184,39): message : o       'std::basic_ostream<char,std::char_traits<char>> &std::basic_ostream<char,std::char_traits<char>>::operator <<(std::basic_ostream<char,std::char_traits<char>> &(__cdecl *)(std::basic_ostream<char,std::char_traits<char>> &))'
C:\Program Files\Microsoft Visual Studio\2022\Community\VC\Tools\MSVC\14.34.31933\include\xstring(5360,32): message : o       'std::basic_ostream<_Elem,_Traits> &std::operator <<(std::basic_ostream<_Elem,_Traits> &,const std::basic_string<_Elem,_Traits,_Alloc> &)'
C:\Users\Jarvis\Downloads\LISTA\LISTA.cpp(112,16): message : "std::basic_ostream<_Elem,_Traits> &std::operator <<(std::basic_ostream<_Elem,_Traits> &,const std::basic_string<_Elem,_Traits,_Alloc> &)": no se pudo deducir el argumento plantilla para "const std::basic_string<_Elem,_Traits,_Alloc> &" de "std::list<int,std::allocator<int>>"
C:\Program Files\Microsoft Visual Studio\2022\Community\VC\Tools\MSVC\14.34.31933\include\memory(1915,32): message : o       'std::basic_ostream<_Elem,_Traits> &std::operator <<(std::basic_ostream<_Elem,_Traits> &,const std::shared_ptr<_Ty> &)'
C:\Users\Jarvis\Downloads\LISTA\LISTA.cpp(112,16): message : "std::basic_ostream<_Elem,_Traits> &std::operator <<(std::basic_ostream<_Elem,_Traits> &,const std::shared_ptr<_Ty> &)": no se pudo deducir el argumento plantilla para "const std::shared_ptr<_Ty> &" de "std::list<int,std::allocator<int>>"
C:\Program Files\Microsoft Visual Studio\2022\Community\VC\Tools\MSVC\14.34.31933\include\memory(3599,32): message : o       'std::basic_ostream<_Elem,_Traits> &std::operator <<(std::basic_ostream<_Elem,_Traits> &,const std::unique_ptr<_Ty2,_Dx2> &)'
C:\Users\Jarvis\Downloads\LISTA\LISTA.cpp(112,16): message : "std::basic_ostream<_Elem,_Traits> &std::operator <<(std::basic_ostream<_Elem,_Traits> &,const std::unique_ptr<_Ty2,_Dx2> &)": no se pudo deducir el argumento plantilla para "const std::unique_ptr<_Ty2,_Dx2> &" de "std::list<int,std::allocator<int>>"
C:\Program Files\Microsoft Visual Studio\2022\Community\VC\Tools\MSVC\14.34.31933\include\ostream(681,32): message : o       'std::basic_ostream<_Elem,_Traits> &std::operator <<(std::basic_ostream<_Elem,_Traits> &,const char *)'
C:\Users\Jarvis\Downloads\LISTA\LISTA.cpp(112,35): message : 'inicializando': no se puede realizar la conversión de 'std::list<int,std::allocator<int>>' a 'const char *'
C:\Users\Jarvis\Downloads\LISTA\LISTA.cpp(112,35): message : No hay disponible ningún operador de conversión definido por el usuario que pueda realizar esta conversión, o bien no se puede llamar al operador
C:\Program Files\Microsoft Visual Studio\2022\Community\VC\Tools\MSVC\14.34.31933\include\ostream(725,32): message : o       'std::basic_ostream<_Elem,_Traits> &std::operator <<(std::basic_ostream<_Elem,_Traits> &,char)'
C:\Users\Jarvis\Downloads\LISTA\LISTA.cpp(112,35): message : 'inicializando': no se puede realizar la conversión de 'std::list<int,std::allocator<int>>' a 'char'
C:\Users\Jarvis\Downloads\LISTA\LISTA.cpp(112,35): message : No hay disponible ningún operador de conversión definido por el usuario que pueda realizar esta conversión, o bien no se puede llamar al operador
C:\Program Files\Microsoft Visual Studio\2022\Community\VC\Tools\MSVC\14.34.31933\include\ostream(761,31): message : o       'std::basic_ostream<char,_Traits> &std::operator <<(std::basic_ostream<char,_Traits> &,const char *)'
C:\Users\Jarvis\Downloads\LISTA\LISTA.cpp(112,35): message : 'inicializando': no se puede realizar la conversión de 'std::list<int,std::allocator<int>>' a 'const char *'
C:\Users\Jarvis\Downloads\LISTA\LISTA.cpp(112,35): message : No hay disponible ningún operador de conversión definido por el usuario que pueda realizar esta conversión, o bien no se puede llamar al operador
C:\Program Files\Microsoft Visual Studio\2022\Community\VC\Tools\MSVC\14.34.31933\include\ostream(806,31): message : o       'std::basic_ostream<char,_Traits> &std::operator <<(std::basic_ostream<char,_Traits> &,char)'
C:\Users\Jarvis\Downloads\LISTA\LISTA.cpp(112,35): message : 'inicializando': no se puede realizar la conversión de 'std::list<int,std::allocator<int>>' a 'char'
C:\Users\Jarvis\Downloads\LISTA\LISTA.cpp(112,35): message : No hay disponible ningún operador de conversión definido por el usuario que pueda realizar esta conversión, o bien no se puede llamar al operador
C:\Program Files\Microsoft Visual Studio\2022\Community\VC\Tools\MSVC\14.34.31933\include\ostream(844,32): message : o       'std::basic_ostream<_Elem,_Traits> &std::operator <<(std::basic_ostream<_Elem,_Traits> &,const _Elem *)'
C:\Users\Jarvis\Downloads\LISTA\LISTA.cpp(112,16): message : "std::basic_ostream<_Elem,_Traits> &std::operator <<(std::basic_ostream<_Elem,_Traits> &,const _Elem *)": no se pudo deducir el argumento plantilla para "const _Elem *" de "std::list<int,std::allocator<int>>"
C:\Program Files\Microsoft Visual Studio\2022\Community\VC\Tools\MSVC\14.34.31933\include\ostream(887,32): message : o       'std::basic_ostream<_Elem,_Traits> &std::operator <<(std::basic_ostream<_Elem,_Traits> &,_Elem)'
C:\Users\Jarvis\Downloads\LISTA\LISTA.cpp(112,16): message : "std::basic_ostream<_Elem,_Traits> &std::operator <<(std::basic_ostream<_Elem,_Traits> &,_Elem)": el parámetro de plantilla "_Elem" es ambiguo
C:\Users\Jarvis\Downloads\LISTA\LISTA.cpp(112,16): message : puede ser 'std::list<int,std::allocator<int>>'
C:\Users\Jarvis\Downloads\LISTA\LISTA.cpp(112,16): message : o       'char'
C:\Users\Jarvis\Downloads\LISTA\LISTA.cpp(112,16): message : "std::basic_ostream<_Elem,_Traits> &std::operator <<(std::basic_ostream<_Elem,_Traits> &,_Elem)": no se pudo deducir el argumento plantilla para "_Elem" de "std::list<int,std::allocator<int>>"
C:\Program Files\Microsoft Visual Studio\2022\Community\VC\Tools\MSVC\14.34.31933\include\ostream(923,31): message : o       'std::basic_ostream<char,_Traits> &std::operator <<(std::basic_ostream<char,_Traits> &,const signed char *)'
C:\Users\Jarvis\Downloads\LISTA\LISTA.cpp(112,35): message : 'inicializando': no se puede realizar la conversión de 'std::list<int,std::allocator<int>>' a 'const signed char *'
C:\Users\Jarvis\Downloads\LISTA\LISTA.cpp(112,35): message : No hay disponible ningún operador de conversión definido por el usuario que pueda realizar esta conversión, o bien no se puede llamar al operador
C:\Program Files\Microsoft Visual Studio\2022\Community\VC\Tools\MSVC\14.34.31933\include\ostream(929,31): message : o       'std::basic_ostream<char,_Traits> &std::operator <<(std::basic_ostream<char,_Traits> &,signed char)'
C:\Users\Jarvis\Downloads\LISTA\LISTA.cpp(112,35): message : 'inicializando': no se puede realizar la conversión de 'std::list<int,std::allocator<int>>' a 'signed char'
C:\Users\Jarvis\Downloads\LISTA\LISTA.cpp(112,35): message : No hay disponible ningún operador de conversión definido por el usuario que pueda realizar esta conversión, o bien no se puede llamar al operador
C:\Program Files\Microsoft Visual Studio\2022\Community\VC\Tools\MSVC\14.34.31933\include\ostream(934,31): message : o       'std::basic_ostream<char,_Traits> &std::operator <<(std::basic_ostream<char,_Traits> &,const unsigned char *)'
C:\Users\Jarvis\Downloads\LISTA\LISTA.cpp(112,35): message : 'inicializando': no se puede realizar la conversión de 'std::list<int,std::allocator<int>>' a 'const unsigned char *'
C:\Users\Jarvis\Downloads\LISTA\LISTA.cpp(112,35): message : No hay disponible ningún operador de conversión definido por el usuario que pueda realizar esta conversión, o bien no se puede llamar al operador
C:\Program Files\Microsoft Visual Studio\2022\Community\VC\Tools\MSVC\14.34.31933\include\ostream(940,31): message : o       'std::basic_ostream<char,_Traits> &std::operator <<(std::basic_ostream<char,_Traits> &,unsigned char)'
C:\Users\Jarvis\Downloads\LISTA\LISTA.cpp(112,35): message : 'inicializando': no se puede realizar la conversión de 'std::list<int,std::allocator<int>>' a 'unsigned char'
C:\Users\Jarvis\Downloads\LISTA\LISTA.cpp(112,35): message : No hay disponible ningún operador de conversión definido por el usuario que pueda realizar esta conversión, o bien no se puede llamar al operador
C:\Program Files\Microsoft Visual Studio\2022\Community\VC\Tools\MSVC\14.34.31933\include\ostream(998,9): message : o       '_Ostr &&std::operator <<(_Ostr &&,const _Ty &)'
C:\Users\Jarvis\Downloads\LISTA\LISTA.cpp(112,13): message : "_Ostr &&std::operator <<(_Ostr &&,const _Ty &)": no se pudo deducir el argumento plantilla para "__formal"
C:\Program Files\Microsoft Visual Studio\2022\Community\VC\Tools\MSVC\14.34.31933\include\ostream(1075,32): message : o       'std::basic_ostream<_Elem,_Traits> &std::operator <<(std::basic_ostream<_Elem,_Traits> &,const std::error_code &)'
C:\Users\Jarvis\Downloads\LISTA\LISTA.cpp(112,35): message : 'inicializando': no se puede realizar la conversión de 'std::list<int,std::allocator<int>>' a 'const std::error_code &'
C:\Users\Jarvis\Downloads\LISTA\LISTA.cpp(112,35): message : Razón: no se puede realizar la conversión de 'std::list<int,std::allocator<int>>' a 'const std::error_code'
C:\Users\Jarvis\Downloads\LISTA\LISTA.cpp(112,35): message : No hay disponible ningún operador de conversión definido por el usuario que pueda realizar esta conversión, o bien no se puede llamar al operador
C:\Users\Jarvis\Downloads\LISTA\LISTA.cpp(112,16): message : al hacer coincidir la lista de argumentos '(std::basic_ostream<char,std::char_traits<char>>, std::list<int,std::allocator<int>>)'
